<?xml version="1.0" encoding="utf-8"?>
<SolutionRoot CoveredStatements="1738" TotalStatements="2215" CoveragePercent="78" ReportType="Xml" DotCoverVersion="2025.1.3">
  <Project Name="pengdows.crud" CoveredStatements="1738" TotalStatements="2215" CoveragePercent="78">
    <Namespace Name="pengdows.crud" CoveredStatements="1738" TotalStatements="2215" CoveragePercent="78">
      <Namespace Name="attributes" CoveredStatements="30" TotalStatements="38" CoveragePercent="79">
        <Type Name="ColumnAttribute" CoveredStatements="7" TotalStatements="7" CoveragePercent="100">
          <Constructor Name="ColumnAttribute(string,DbType)" CoveredStatements="5" TotalStatements="5" CoveragePercent="100" />
          <AutoProperty Name="Name:string" CoveredStatements="1" TotalStatements="1" CoveragePercent="100">
            <PropertyGetter CoveredStatements="1" TotalStatements="1" CoveragePercent="100" />
          </AutoProperty>
          <AutoProperty Name="Type:DbType" CoveredStatements="1" TotalStatements="1" CoveragePercent="100">
            <PropertyGetter CoveredStatements="1" TotalStatements="1" CoveragePercent="100" />
          </AutoProperty>
        </Type>
        <Type Name="EnumColumnAttribute" CoveredStatements="6" TotalStatements="7" CoveragePercent="86">
          <Constructor Name="EnumColumnAttribute(Type)" CoveredStatements="5" TotalStatements="6" CoveragePercent="83" />
          <AutoProperty Name="EnumType:Type" CoveredStatements="1" TotalStatements="1" CoveragePercent="100">
            <PropertyGetter CoveredStatements="1" TotalStatements="1" CoveragePercent="100" />
          </AutoProperty>
        </Type>
        <Type Name="IdAttribute" CoveredStatements="5" TotalStatements="5" CoveragePercent="100">
          <Constructor Name="IdAttribute(bool)" CoveredStatements="4" TotalStatements="4" CoveragePercent="100" />
          <AutoProperty Name="Writable:bool" CoveredStatements="1" TotalStatements="1" CoveragePercent="100">
            <PropertyGetter CoveredStatements="1" TotalStatements="1" CoveragePercent="100" />
          </AutoProperty>
        </Type>
        <Type Name="JsonAttribute" CoveredStatements="1" TotalStatements="3" CoveragePercent="33">
          <Constructor Name="JsonAttribute()" CoveredStatements="1" TotalStatements="1" CoveragePercent="100" />
          <AutoProperty Name="SerializerOptions:JsonSerializerOptions" CoveredStatements="0" TotalStatements="2" CoveragePercent="0">
            <PropertyGetter CoveredStatements="0" TotalStatements="1" CoveragePercent="0" />
            <PropertySetter CoveredStatements="0" TotalStatements="1" CoveragePercent="0" />
          </AutoProperty>
        </Type>
        <Type Name="PrimaryKeyAttribute" CoveredStatements="4" TotalStatements="9" CoveragePercent="44">
          <Constructor Name="PrimaryKeyAttribute(int)" CoveredStatements="0" TotalStatements="4" CoveragePercent="0" />
          <Constructor Name="PrimaryKeyAttribute()" CoveredStatements="4" TotalStatements="4" CoveragePercent="100" />
          <AutoProperty Name="Order:int" CoveredStatements="0" TotalStatements="1" CoveragePercent="0">
            <PropertyGetter CoveredStatements="0" TotalStatements="1" CoveragePercent="0" />
          </AutoProperty>
        </Type>
        <Type Name="TableAttribute" CoveredStatements="7" TotalStatements="7" CoveragePercent="100">
          <Constructor Name="TableAttribute(string,string)" CoveredStatements="5" TotalStatements="5" CoveragePercent="100" />
          <AutoProperty Name="Name:string" CoveredStatements="1" TotalStatements="1" CoveragePercent="100">
            <PropertyGetter CoveredStatements="1" TotalStatements="1" CoveragePercent="100" />
          </AutoProperty>
          <AutoProperty Name="Schema:string" CoveredStatements="1" TotalStatements="1" CoveragePercent="100">
            <PropertyGetter CoveredStatements="1" TotalStatements="1" CoveragePercent="100" />
          </AutoProperty>
        </Type>
      </Namespace>
      <Namespace Name="configuration" CoveredStatements="82" TotalStatements="119" CoveragePercent="69">
        <Type Name="DatabaseContextConfiguration" CoveredStatements="10" TotalStatements="10" CoveragePercent="100">
          <Constructor Name="DatabaseContextConfiguration()" CoveredStatements="2" TotalStatements="2" CoveragePercent="100" />
          <AutoProperty Name="ConnectionString:string" CoveredStatements="2" TotalStatements="2" CoveragePercent="100">
            <PropertyGetter CoveredStatements="1" TotalStatements="1" CoveragePercent="100" />
            <PropertySetter CoveredStatements="1" TotalStatements="1" CoveragePercent="100" />
          </AutoProperty>
          <AutoProperty Name="DbMode:DbMode" CoveredStatements="2" TotalStatements="2" CoveragePercent="100">
            <PropertyGetter CoveredStatements="1" TotalStatements="1" CoveragePercent="100" />
            <PropertySetter CoveredStatements="1" TotalStatements="1" CoveragePercent="100" />
          </AutoProperty>
          <AutoProperty Name="ProviderName:string" CoveredStatements="2" TotalStatements="2" CoveragePercent="100">
            <PropertyGetter CoveredStatements="1" TotalStatements="1" CoveragePercent="100" />
            <PropertySetter CoveredStatements="1" TotalStatements="1" CoveragePercent="100" />
          </AutoProperty>
          <AutoProperty Name="ReadWriteMode:ReadWriteMode" CoveredStatements="2" TotalStatements="2" CoveragePercent="100">
            <PropertyGetter CoveredStatements="1" TotalStatements="1" CoveragePercent="100" />
            <PropertySetter CoveredStatements="1" TotalStatements="1" CoveragePercent="100" />
          </AutoProperty>
        </Type>
        <Type Name="DatabaseProviderConfig" CoveredStatements="12" TotalStatements="12" CoveragePercent="100">
          <Constructor Name="DatabaseProviderConfig()" CoveredStatements="4" TotalStatements="4" CoveragePercent="100" />
          <AutoProperty Name="AssemblyName:string" CoveredStatements="2" TotalStatements="2" CoveragePercent="100">
            <PropertyGetter CoveredStatements="1" TotalStatements="1" CoveragePercent="100" />
            <PropertySetter CoveredStatements="1" TotalStatements="1" CoveragePercent="100" />
          </AutoProperty>
          <AutoProperty Name="AssemblyPath:string" CoveredStatements="2" TotalStatements="2" CoveragePercent="100">
            <PropertyGetter CoveredStatements="1" TotalStatements="1" CoveragePercent="100" />
            <PropertySetter CoveredStatements="1" TotalStatements="1" CoveragePercent="100" />
          </AutoProperty>
          <AutoProperty Name="FactoryType:string" CoveredStatements="2" TotalStatements="2" CoveragePercent="100">
            <PropertyGetter CoveredStatements="1" TotalStatements="1" CoveragePercent="100" />
            <PropertySetter CoveredStatements="1" TotalStatements="1" CoveragePercent="100" />
          </AutoProperty>
          <AutoProperty Name="ProviderName:string" CoveredStatements="2" TotalStatements="2" CoveragePercent="100">
            <PropertyGetter CoveredStatements="1" TotalStatements="1" CoveragePercent="100" />
            <PropertySetter CoveredStatements="1" TotalStatements="1" CoveragePercent="100" />
          </AutoProperty>
        </Type>
        <Type Name="DbProviderLoader" CoveredStatements="60" TotalStatements="97" CoveragePercent="62">
          <Constructor Name="DbProviderLoader(IConfiguration,ILogger&lt;DbProviderLoader&gt;)" CoveredStatements="5" TotalStatements="5" CoveragePercent="100" />
          <Constructor Name="DbProviderLoader()" CoveredStatements="2" TotalStatements="2" CoveragePercent="100" />
          <Method Name="LoadAndRegisterProviders(IServiceCollection):void" CoveredStatements="19" TotalStatements="24" CoveragePercent="79" />
          <Method Name="LoadProviderFactory(string,DatabaseProviderConfig):DbProviderFactory" CoveredStatements="34" TotalStatements="66" CoveragePercent="52" />
        </Type>
      </Namespace>
      <Namespace Name="exceptions" CoveredStatements="18" TotalStatements="21" CoveragePercent="86">
        <Type Name="ConnectionFailedException" CoveredStatements="3" TotalStatements="3" CoveragePercent="100">
          <Constructor Name="ConnectionFailedException(string)" CoveredStatements="3" TotalStatements="3" CoveragePercent="100" />
        </Type>
        <Type Name="InvalidValueException" CoveredStatements="0" TotalStatements="3" CoveragePercent="0">
          <Constructor Name="InvalidValueException(string)" CoveredStatements="0" TotalStatements="3" CoveragePercent="0" />
        </Type>
        <Type Name="NoColumnsFoundException" CoveredStatements="3" TotalStatements="3" CoveragePercent="100">
          <Constructor Name="NoColumnsFoundException(string)" CoveredStatements="3" TotalStatements="3" CoveragePercent="100" />
        </Type>
        <Type Name="PrimaryKeyOnRowIdColumn" CoveredStatements="3" TotalStatements="3" CoveragePercent="100">
          <Constructor Name="PrimaryKeyOnRowIdColumn(string)" CoveredStatements="3" TotalStatements="3" CoveragePercent="100" />
        </Type>
        <Type Name="TooManyColumns" CoveredStatements="3" TotalStatements="3" CoveragePercent="100">
          <Constructor Name="TooManyColumns(string)" CoveredStatements="3" TotalStatements="3" CoveragePercent="100" />
        </Type>
        <Type Name="TooManyParametersException" CoveredStatements="6" TotalStatements="6" CoveragePercent="100">
          <Constructor Name="TooManyParametersException(string,int)" CoveredStatements="4" TotalStatements="4" CoveragePercent="100" />
          <AutoProperty Name="MaxAllowed:int" CoveredStatements="2" TotalStatements="2" CoveragePercent="100">
            <PropertyGetter CoveredStatements="1" TotalStatements="1" CoveragePercent="100" />
            <PropertySetter CoveredStatements="1" TotalStatements="1" CoveragePercent="100" />
          </AutoProperty>
        </Type>
      </Namespace>
      <Namespace Name="infrastructure" CoveredStatements="21" TotalStatements="33" CoveragePercent="64">
        <Type Name="SafeAsyncDisposableBase" CoveredStatements="21" TotalStatements="33" CoveragePercent="64">
          <Property Name="IsDisposed:bool" CoveredStatements="0" TotalStatements="1" CoveragePercent="0">
            <PropertyGetter CoveredStatements="0" TotalStatements="1" CoveragePercent="0" />
          </Property>
          <Method Name="Dispose():void" CoveredStatements="8" TotalStatements="12" CoveragePercent="67" />
          <Method Name="DisposeAsync():ValueTask" CoveredStatements="9" TotalStatements="12" CoveragePercent="75">
            <InternalCompiledMethod Name="MoveNext():void" CoveredStatements="9" TotalStatements="12" CoveragePercent="75" />
          </Method>
          <Method Name="DisposeManaged():void" CoveredStatements="2" TotalStatements="2" CoveragePercent="100" />
          <Method Name="DisposeManagedAsync():ValueTask" CoveredStatements="0" TotalStatements="4" CoveragePercent="0">
            <InternalCompiledMethod Name="MoveNext():void" CoveredStatements="0" TotalStatements="4" CoveragePercent="0" />
          </Method>
          <Method Name="DisposeUnmanaged():void" CoveredStatements="2" TotalStatements="2" CoveragePercent="100" />
        </Type>
      </Namespace>
      <Namespace Name="isolation" CoveredStatements="38" TotalStatements="46" CoveragePercent="83">
        <Type Name="IsolationLevelSupport" CoveredStatements="0" TotalStatements="7" CoveragePercent="0">
          <Constructor Name="IsolationLevelSupport()" CoveredStatements="0" TotalStatements="1" CoveragePercent="0" />
          <Method Name="Validate(SupportedDatabase,IsolationLevel):void" CoveredStatements="0" TotalStatements="6" CoveragePercent="0" />
        </Type>
        <Type Name="IsolationResolver" CoveredStatements="38" TotalStatements="39" CoveragePercent="97">
          <Constructor Name="IsolationResolver(SupportedDatabase,bool)" CoveredStatements="7" TotalStatements="7" CoveragePercent="100" />
          <Method Name="BuildProfileMapping(SupportedDatabase,bool):Dictionary&lt;IsolationProfile,IsolationLevel&gt;" CoveredStatements="11" TotalStatements="12" CoveragePercent="92" />
          <Method Name="BuildSupportedIsolationLevels(SupportedDatabase,bool):HashSet&lt;IsolationLevel&gt;" CoveredStatements="5" TotalStatements="5" CoveragePercent="100">
            <OwnCoverage CoveredStatements="4" TotalStatements="4" CoveragePercent="100" />
            <AnonymousMethod Name="(IsolationLevel):bool" CoveredStatements="1" TotalStatements="1" CoveragePercent="100" />
          </Method>
          <Method Name="GetSupportedLevels():IReadOnlySet&lt;IsolationLevel&gt;" CoveredStatements="3" TotalStatements="3" CoveragePercent="100" />
          <Method Name="Resolve(IsolationProfile):IsolationLevel" CoveredStatements="8" TotalStatements="8" CoveragePercent="100" />
          <Method Name="Validate(IsolationLevel):void" CoveredStatements="4" TotalStatements="4" CoveragePercent="100" />
        </Type>
      </Namespace>
      <Namespace Name="tenant" CoveredStatements="66" TotalStatements="81" CoveragePercent="81">
        <Type Name="MultiTenantOptions" CoveredStatements="3" TotalStatements="3" CoveragePercent="100">
          <Constructor Name="MultiTenantOptions()" CoveredStatements="1" TotalStatements="1" CoveragePercent="100" />
          <AutoProperty Name="Tenants:List&lt;TenantConfiguration&gt;" CoveredStatements="2" TotalStatements="2" CoveragePercent="100">
            <PropertyGetter CoveredStatements="1" TotalStatements="1" CoveragePercent="100" />
            <PropertyInitOnlySetter CoveredStatements="1" TotalStatements="1" CoveragePercent="100" />
          </AutoProperty>
        </Type>
        <Type Name="TenantConfiguration" CoveredStatements="6" TotalStatements="6" CoveragePercent="100">
          <Constructor Name="TenantConfiguration()" CoveredStatements="2" TotalStatements="2" CoveragePercent="100" />
          <AutoProperty Name="DatabaseContextConfiguration:DatabaseContextConfiguration" CoveredStatements="2" TotalStatements="2" CoveragePercent="100">
            <PropertyGetter CoveredStatements="1" TotalStatements="1" CoveragePercent="100" />
            <PropertySetter CoveredStatements="1" TotalStatements="1" CoveragePercent="100" />
          </AutoProperty>
          <AutoProperty Name="Name:string" CoveredStatements="2" TotalStatements="2" CoveragePercent="100">
            <PropertyGetter CoveredStatements="1" TotalStatements="1" CoveragePercent="100" />
            <PropertySetter CoveredStatements="1" TotalStatements="1" CoveragePercent="100" />
          </AutoProperty>
        </Type>
        <Type Name="TenantConnectionResolver" CoveredStatements="39" TotalStatements="42" CoveragePercent="93">
          <Constructor Name="TenantConnectionResolver()" CoveredStatements="2" TotalStatements="2" CoveragePercent="100" />
          <AutoProperty Name="Instance:ITenantConnectionResolver" CoveredStatements="1" TotalStatements="1" CoveragePercent="100">
            <PropertyGetter CoveredStatements="1" TotalStatements="1" CoveragePercent="100" />
          </AutoProperty>
          <Method Name="GetDatabaseContextConfiguration(string):IDatabaseContextConfiguration" CoveredStatements="9" TotalStatements="9" CoveragePercent="100" />
          <Method Name="Register(string,DatabaseContextConfiguration):void" CoveredStatements="9" TotalStatements="9" CoveragePercent="100" />
          <Method Name="Register(IEnumerable&lt;TenantConfiguration&gt;):void" CoveredStatements="12" TotalStatements="15" CoveragePercent="80" />
          <Method Name="Register(MultiTenantOptions):void" CoveredStatements="6" TotalStatements="6" CoveragePercent="100" />
        </Type>
        <Type Name="TenantContextRegistry" CoveredStatements="7" TotalStatements="15" CoveragePercent="47">
          <Constructor Name="TenantContextRegistry(IServiceProvider,ITenantConnectionResolver,ILoggerFactory)" CoveredStatements="7" TotalStatements="7" CoveragePercent="100" />
          <Method Name="CreateDatabaseContext(string):IDatabaseContext" CoveredStatements="0" TotalStatements="5" CoveragePercent="0" />
          <Method Name="GetContext(string):IDatabaseContext" CoveredStatements="0" TotalStatements="3" CoveragePercent="0" />
        </Type>
        <Type Name="TenantServiceCollectionExtensions" CoveredStatements="11" TotalStatements="15" CoveragePercent="73">
          <Method Name="AddMultiTenancy(IServiceCollection,IConfiguration):IServiceCollection" CoveredStatements="11" TotalStatements="15" CoveragePercent="73" />
        </Type>
      </Namespace>
      <Namespace Name="threading" CoveredStatements="27" TotalStatements="28" CoveragePercent="96">
        <Type Name="NoOpAsyncLocker" CoveredStatements="10" TotalStatements="10" CoveragePercent="100">
          <Constructor Name="NoOpAsyncLocker()" CoveredStatements="3" TotalStatements="3" CoveragePercent="100" />
          <Constructor Name="NoOpAsyncLocker()" CoveredStatements="1" TotalStatements="1" CoveragePercent="100" />
          <Method Name="DisposeAsync():ValueTask" CoveredStatements="3" TotalStatements="3" CoveragePercent="100" />
          <Method Name="LockAsync():Task" CoveredStatements="3" TotalStatements="3" CoveragePercent="100" />
        </Type>
        <Type Name="RealAsyncLocker" CoveredStatements="17" TotalStatements="18" CoveragePercent="94">
          <Constructor Name="RealAsyncLocker(SemaphoreSlim)" CoveredStatements="5" TotalStatements="5" CoveragePercent="100" />
          <Method Name="DisposeAsync():ValueTask" CoveredStatements="8" TotalStatements="9" CoveragePercent="89" />
          <Method Name="LockAsync():Task" CoveredStatements="4" TotalStatements="4" CoveragePercent="100">
            <InternalCompiledMethod Name="MoveNext():void" CoveredStatements="4" TotalStatements="4" CoveragePercent="100" />
          </Method>
        </Type>
      </Namespace>
      <Namespace Name="wrappers" CoveredStatements="138" TotalStatements="235" CoveragePercent="59">
        <Type Name="TrackedConnection" CoveredStatements="82" TotalStatements="112" CoveragePercent="73">
          <Constructor Name="TrackedConnection(DbConnection,StateChangeEventHandler,Action&lt;DbConnection&gt;,Action&lt;DbConnection&gt;,ILogger&lt;TrackedConnection&gt;,bool)" CoveredStatements="16" TotalStatements="16" CoveragePercent="100" />
          <Property Name="ConnectionString:string" CoveredStatements="1" TotalStatements="2" CoveragePercent="50">
            <PropertyGetter CoveredStatements="1" TotalStatements="1" CoveragePercent="100" />
            <PropertySetter CoveredStatements="0" TotalStatements="1" CoveragePercent="0" />
          </Property>
          <Property Name="ConnectionTimeout:int" CoveredStatements="0" TotalStatements="1" CoveragePercent="0">
            <PropertyGetter CoveredStatements="0" TotalStatements="1" CoveragePercent="0" />
          </Property>
          <Property Name="Database:string" CoveredStatements="0" TotalStatements="1" CoveragePercent="0">
            <PropertyGetter CoveredStatements="0" TotalStatements="1" CoveragePercent="0" />
          </Property>
          <Property Name="DataSource:string" CoveredStatements="0" TotalStatements="1" CoveragePercent="0">
            <PropertyGetter CoveredStatements="0" TotalStatements="1" CoveragePercent="0" />
          </Property>
          <Property Name="ServerVersion:string" CoveredStatements="0" TotalStatements="1" CoveragePercent="0">
            <PropertyGetter CoveredStatements="0" TotalStatements="1" CoveragePercent="0" />
          </Property>
          <Property Name="State:ConnectionState" CoveredStatements="1" TotalStatements="1" CoveragePercent="100">
            <PropertyGetter CoveredStatements="1" TotalStatements="1" CoveragePercent="100" />
          </Property>
          <Property Name="WasOpened:bool" CoveredStatements="0" TotalStatements="1" CoveragePercent="0">
            <PropertyGetter CoveredStatements="0" TotalStatements="1" CoveragePercent="0" />
          </Property>
          <Method Name="BeginTransaction():IDbTransaction" CoveredStatements="0" TotalStatements="3" CoveragePercent="0" />
          <Method Name="BeginTransaction(IsolationLevel):IDbTransaction" CoveredStatements="3" TotalStatements="3" CoveragePercent="100" />
          <Method Name="ChangeDatabase(string):void" CoveredStatements="0" TotalStatements="2" CoveragePercent="0" />
          <Method Name="Close():void" CoveredStatements="0" TotalStatements="3" CoveragePercent="0" />
          <Method Name="CreateCommand():IDbCommand" CoveredStatements="3" TotalStatements="3" CoveragePercent="100" />
          <Method Name="Dispose():void" CoveredStatements="14" TotalStatements="19" CoveragePercent="74" />
          <Method Name="DisposeAsync():ValueTask" CoveredStatements="20" TotalStatements="20" CoveragePercent="100">
            <InternalCompiledMethod Name="MoveNext():void" CoveredStatements="20" TotalStatements="20" CoveragePercent="100" />
          </Method>
          <Method Name="GetLock():ILockerAsync" CoveredStatements="3" TotalStatements="3" CoveragePercent="100" />
          <Method Name="GetSchema():DataTable" CoveredStatements="3" TotalStatements="3" CoveragePercent="100" />
          <Method Name="GetSchema(string):DataTable" CoveredStatements="3" TotalStatements="3" CoveragePercent="100" />
          <Method Name="Open():void" CoveredStatements="11" TotalStatements="11" CoveragePercent="100" />
          <Method Name="OpenAsync(CancellationToken):Task" CoveredStatements="0" TotalStatements="11" CoveragePercent="0">
            <InternalCompiledMethod Name="MoveNext():void" CoveredStatements="0" TotalStatements="11" CoveragePercent="0" />
          </Method>
          <Method Name="TriggerFirstOpen():void" CoveredStatements="4" TotalStatements="4" CoveragePercent="100" />
        </Type>
        <Type Name="TrackedReader" CoveredStatements="56" TotalStatements="123" CoveragePercent="46">
          <Constructor Name="TrackedReader(DbDataReader,ITrackedConnection,IAsyncDisposable,bool)" CoveredStatements="7" TotalStatements="7" CoveragePercent="100" />
          <Property Name="Depth:int" CoveredStatements="0" TotalStatements="1" CoveragePercent="0">
            <PropertyGetter CoveredStatements="0" TotalStatements="1" CoveragePercent="0" />
          </Property>
          <Property Name="FieldCount:int" CoveredStatements="1" TotalStatements="1" CoveragePercent="100">
            <PropertyGetter CoveredStatements="1" TotalStatements="1" CoveragePercent="100" />
          </Property>
          <Property Name="IsClosed:bool" CoveredStatements="0" TotalStatements="1" CoveragePercent="0">
            <PropertyGetter CoveredStatements="0" TotalStatements="1" CoveragePercent="0" />
          </Property>
          <Property Name="RecordsAffected:int" CoveredStatements="0" TotalStatements="1" CoveragePercent="0">
            <PropertyGetter CoveredStatements="0" TotalStatements="1" CoveragePercent="0" />
          </Property>
          <Indexer Name="[int]:object" CoveredStatements="1" TotalStatements="1" CoveragePercent="100">
            <PropertyGetter CoveredStatements="1" TotalStatements="1" CoveragePercent="100" />
          </Indexer>
          <Indexer Name="[string]:object" CoveredStatements="1" TotalStatements="1" CoveragePercent="100">
            <PropertyGetter CoveredStatements="1" TotalStatements="1" CoveragePercent="100" />
          </Indexer>
          <Method Name="Close():void" CoveredStatements="0" TotalStatements="3" CoveragePercent="0" />
          <Method Name="Dispose():void" CoveredStatements="9" TotalStatements="9" CoveragePercent="100" />
          <Method Name="DisposeAsync():ValueTask" CoveredStatements="9" TotalStatements="9" CoveragePercent="100">
            <InternalCompiledMethod Name="MoveNext():void" CoveredStatements="9" TotalStatements="9" CoveragePercent="100" />
          </Method>
          <Method Name="GetBoolean(int):bool" CoveredStatements="0" TotalStatements="3" CoveragePercent="0" />
          <Method Name="GetByte(int):byte" CoveredStatements="0" TotalStatements="3" CoveragePercent="0" />
          <Method Name="GetBytes(int,long,byte[],int,int):long" CoveredStatements="0" TotalStatements="3" CoveragePercent="0" />
          <Method Name="GetChar(int):char" CoveredStatements="0" TotalStatements="3" CoveragePercent="0" />
          <Method Name="GetChars(int,long,char[],int,int):long" CoveredStatements="0" TotalStatements="3" CoveragePercent="0" />
          <Method Name="GetData(int):IDataReader" CoveredStatements="0" TotalStatements="3" CoveragePercent="0" />
          <Method Name="GetDataTypeName(int):string" CoveredStatements="0" TotalStatements="3" CoveragePercent="0" />
          <Method Name="GetDateTime(int):DateTime" CoveredStatements="0" TotalStatements="3" CoveragePercent="0" />
          <Method Name="GetDecimal(int):Decimal" CoveredStatements="0" TotalStatements="3" CoveragePercent="0" />
          <Method Name="GetDouble(int):double" CoveredStatements="0" TotalStatements="3" CoveragePercent="0" />
          <Method Name="GetFieldType(int):Type" CoveredStatements="3" TotalStatements="3" CoveragePercent="100" />
          <Method Name="GetFloat(int):float" CoveredStatements="0" TotalStatements="3" CoveragePercent="0" />
          <Method Name="GetGuid(int):Guid" CoveredStatements="0" TotalStatements="3" CoveragePercent="0" />
          <Method Name="GetInt16(int):short" CoveredStatements="0" TotalStatements="3" CoveragePercent="0" />
          <Method Name="GetInt32(int):int" CoveredStatements="0" TotalStatements="3" CoveragePercent="0" />
          <Method Name="GetInt64(int):long" CoveredStatements="0" TotalStatements="3" CoveragePercent="0" />
          <Method Name="GetName(int):string" CoveredStatements="3" TotalStatements="3" CoveragePercent="100" />
          <Method Name="GetOrdinal(string):int" CoveredStatements="0" TotalStatements="3" CoveragePercent="0" />
          <Method Name="GetSchemaTable():DataTable" CoveredStatements="0" TotalStatements="3" CoveragePercent="0" />
          <Method Name="GetString(int):string" CoveredStatements="3" TotalStatements="3" CoveragePercent="100" />
          <Method Name="GetValue(int):object" CoveredStatements="3" TotalStatements="3" CoveragePercent="100" />
          <Method Name="GetValues(object[]):int" CoveredStatements="0" TotalStatements="3" CoveragePercent="0" />
          <Method Name="IsDBNull(int):bool" CoveredStatements="3" TotalStatements="3" CoveragePercent="100" />
          <Method Name="NextResult():bool" CoveredStatements="0" TotalStatements="3" CoveragePercent="0" />
          <Method Name="Read():bool" CoveredStatements="7" TotalStatements="11" CoveragePercent="64" />
          <Method Name="ReadAsync():Task&lt;bool&gt;" CoveredStatements="6" TotalStatements="6" CoveragePercent="100">
            <InternalCompiledMethod Name="MoveNext():void" CoveredStatements="6" TotalStatements="6" CoveragePercent="100" />
          </Method>
        </Type>
      </Namespace>
      <Type Name="AuditContextProvider&lt;TUserId&gt;" CoveredStatements="3" TotalStatements="3" CoveragePercent="100">
        <Method Name="GetUtcNow():DateTime" CoveredStatements="3" TotalStatements="3" CoveragePercent="100" />
      </Type>
      <Type Name="AuditValues" CoveredStatements="4" TotalStatements="7" CoveragePercent="57">
        <AutoProperty Name="UserId:object" CoveredStatements="2" TotalStatements="2" CoveragePercent="100">
          <PropertyGetter CoveredStatements="1" TotalStatements="1" CoveragePercent="100" />
          <PropertyInitOnlySetter CoveredStatements="1" TotalStatements="1" CoveragePercent="100" />
        </AutoProperty>
        <AutoProperty Name="UtcNow:DateTime" CoveredStatements="2" TotalStatements="2" CoveragePercent="100">
          <PropertyGetter CoveredStatements="1" TotalStatements="1" CoveragePercent="100" />
          <PropertyInitOnlySetter CoveredStatements="1" TotalStatements="1" CoveragePercent="100" />
        </AutoProperty>
        <Method Name="As&lt;T&gt;():T" CoveredStatements="0" TotalStatements="3" CoveragePercent="0" />
      </Type>
      <Type Name="ColumnInfo" CoveredStatements="44" TotalStatements="46" CoveragePercent="96">
        <Constructor Name="ColumnInfo()" CoveredStatements="3" TotalStatements="3" CoveragePercent="100" />
        <AutoProperty Name="DbType:DbType" CoveredStatements="2" TotalStatements="2" CoveragePercent="100">
          <PropertyGetter CoveredStatements="1" TotalStatements="1" CoveragePercent="100" />
          <PropertySetter CoveredStatements="1" TotalStatements="1" CoveragePercent="100" />
        </AutoProperty>
        <AutoProperty Name="EnumType:Type" CoveredStatements="2" TotalStatements="2" CoveragePercent="100">
          <PropertyGetter CoveredStatements="1" TotalStatements="1" CoveragePercent="100" />
          <PropertySetter CoveredStatements="1" TotalStatements="1" CoveragePercent="100" />
        </AutoProperty>
        <AutoProperty Name="IsCreatedBy:bool" CoveredStatements="2" TotalStatements="2" CoveragePercent="100">
          <PropertyGetter CoveredStatements="1" TotalStatements="1" CoveragePercent="100" />
          <PropertySetter CoveredStatements="1" TotalStatements="1" CoveragePercent="100" />
        </AutoProperty>
        <AutoProperty Name="IsCreatedOn:bool" CoveredStatements="2" TotalStatements="2" CoveragePercent="100">
          <PropertyGetter CoveredStatements="1" TotalStatements="1" CoveragePercent="100" />
          <PropertySetter CoveredStatements="1" TotalStatements="1" CoveragePercent="100" />
        </AutoProperty>
        <AutoProperty Name="IsEnum:bool" CoveredStatements="1" TotalStatements="2" CoveragePercent="50">
          <PropertyGetter CoveredStatements="0" TotalStatements="1" CoveragePercent="0" />
          <PropertySetter CoveredStatements="1" TotalStatements="1" CoveragePercent="100" />
        </AutoProperty>
        <AutoProperty Name="IsId:bool" CoveredStatements="2" TotalStatements="2" CoveragePercent="100">
          <PropertyGetter CoveredStatements="1" TotalStatements="1" CoveragePercent="100" />
          <PropertyInitOnlySetter CoveredStatements="1" TotalStatements="1" CoveragePercent="100" />
        </AutoProperty>
        <AutoProperty Name="IsIdIsWritable:bool" CoveredStatements="2" TotalStatements="2" CoveragePercent="100">
          <PropertyGetter CoveredStatements="1" TotalStatements="1" CoveragePercent="100" />
          <PropertySetter CoveredStatements="1" TotalStatements="1" CoveragePercent="100" />
        </AutoProperty>
        <AutoProperty Name="IsJsonType:bool" CoveredStatements="2" TotalStatements="2" CoveragePercent="100">
          <PropertyGetter CoveredStatements="1" TotalStatements="1" CoveragePercent="100" />
          <PropertySetter CoveredStatements="1" TotalStatements="1" CoveragePercent="100" />
        </AutoProperty>
        <AutoProperty Name="IsLastUpdatedBy:bool" CoveredStatements="2" TotalStatements="2" CoveragePercent="100">
          <PropertyGetter CoveredStatements="1" TotalStatements="1" CoveragePercent="100" />
          <PropertySetter CoveredStatements="1" TotalStatements="1" CoveragePercent="100" />
        </AutoProperty>
        <AutoProperty Name="IsLastUpdatedOn:bool" CoveredStatements="2" TotalStatements="2" CoveragePercent="100">
          <PropertyGetter CoveredStatements="1" TotalStatements="1" CoveragePercent="100" />
          <PropertySetter CoveredStatements="1" TotalStatements="1" CoveragePercent="100" />
        </AutoProperty>
        <AutoProperty Name="IsNonUpdateable:bool" CoveredStatements="2" TotalStatements="2" CoveragePercent="100">
          <PropertyGetter CoveredStatements="1" TotalStatements="1" CoveragePercent="100" />
          <PropertySetter CoveredStatements="1" TotalStatements="1" CoveragePercent="100" />
        </AutoProperty>
        <AutoProperty Name="IsPrimaryKey:bool" CoveredStatements="2" TotalStatements="2" CoveragePercent="100">
          <PropertyGetter CoveredStatements="1" TotalStatements="1" CoveragePercent="100" />
          <PropertySetter CoveredStatements="1" TotalStatements="1" CoveragePercent="100" />
        </AutoProperty>
        <AutoProperty Name="IsVersion:bool" CoveredStatements="2" TotalStatements="2" CoveragePercent="100">
          <PropertyGetter CoveredStatements="1" TotalStatements="1" CoveragePercent="100" />
          <PropertySetter CoveredStatements="1" TotalStatements="1" CoveragePercent="100" />
        </AutoProperty>
        <AutoProperty Name="JsonSerializerOptions:JsonSerializerOptions" CoveredStatements="2" TotalStatements="2" CoveragePercent="100">
          <PropertyGetter CoveredStatements="1" TotalStatements="1" CoveragePercent="100" />
          <PropertySetter CoveredStatements="1" TotalStatements="1" CoveragePercent="100" />
        </AutoProperty>
        <AutoProperty Name="Name:string" CoveredStatements="2" TotalStatements="2" CoveragePercent="100">
          <PropertyGetter CoveredStatements="1" TotalStatements="1" CoveragePercent="100" />
          <PropertyInitOnlySetter CoveredStatements="1" TotalStatements="1" CoveragePercent="100" />
        </AutoProperty>
        <AutoProperty Name="PropertyInfo:PropertyInfo" CoveredStatements="2" TotalStatements="2" CoveragePercent="100">
          <PropertyGetter CoveredStatements="1" TotalStatements="1" CoveragePercent="100" />
          <PropertyInitOnlySetter CoveredStatements="1" TotalStatements="1" CoveragePercent="100" />
        </AutoProperty>
        <Method Name="MakeParameterValueFromField&lt;T&gt;(T):object" CoveredStatements="10" TotalStatements="11" CoveragePercent="91" />
      </Type>
      <Type Name="DatabaseContext" CoveredStatements="266" TotalStatements="339" CoveragePercent="78">
        <Constructor Name="DatabaseContext(string,string,ITypeMapRegistry,DbMode,ReadWriteMode,ILoggerFactory)" CoveredStatements="0" TotalStatements="3" CoveragePercent="0" />
        <Constructor Name="DatabaseContext(string,DbProviderFactory,ITypeMapRegistry,DbMode,ReadWriteMode,ILoggerFactory)" CoveredStatements="3" TotalStatements="3" CoveragePercent="100" />
        <Constructor Name="DatabaseContext(IDatabaseContextConfiguration,DbProviderFactory,ILoggerFactory)" CoveredStatements="15" TotalStatements="19" CoveragePercent="79" />
        <Property Name="CompositeIdentifierSeparator:string" CoveredStatements="1" TotalStatements="1" CoveragePercent="100">
          <PropertyGetter CoveredStatements="1" TotalStatements="1" CoveragePercent="100" />
        </Property>
        <Property Name="Connection:ITrackedConnection" CoveredStatements="1" TotalStatements="1" CoveragePercent="100">
          <PropertyGetter CoveredStatements="1" TotalStatements="1" CoveragePercent="100" />
        </Property>
        <AutoProperty Name="ConnectionMode:DbMode" CoveredStatements="2" TotalStatements="2" CoveragePercent="100">
          <PropertyGetter CoveredStatements="1" TotalStatements="1" CoveragePercent="100" />
          <PropertySetter CoveredStatements="1" TotalStatements="1" CoveragePercent="100" />
        </AutoProperty>
        <Property Name="ConnectionString:string" CoveredStatements="5" TotalStatements="6" CoveragePercent="83">
          <PropertyGetter CoveredStatements="1" TotalStatements="1" CoveragePercent="100" />
          <PropertySetter CoveredStatements="4" TotalStatements="5" CoveragePercent="80" />
        </Property>
        <Property Name="DataSourceInfo:IDataSourceInformation" CoveredStatements="1" TotalStatements="1" CoveragePercent="100">
          <PropertyGetter CoveredStatements="1" TotalStatements="1" CoveragePercent="100" />
        </Property>
        <Property Name="IsReadOnlyConnection:bool" CoveredStatements="1" TotalStatements="1" CoveragePercent="100">
          <PropertyGetter CoveredStatements="1" TotalStatements="1" CoveragePercent="100" />
        </Property>
        <Property Name="MaxNumberOfConnections:long" CoveredStatements="1" TotalStatements="1" CoveragePercent="100">
          <PropertyGetter CoveredStatements="1" TotalStatements="1" CoveragePercent="100" />
        </Property>
        <Property Name="MaxParameterLimit:int" CoveredStatements="1" TotalStatements="1" CoveragePercent="100">
          <PropertyGetter CoveredStatements="1" TotalStatements="1" CoveragePercent="100" />
        </Property>
        <AutoProperty Name="Name:string" CoveredStatements="2" TotalStatements="2" CoveragePercent="100">
          <PropertyGetter CoveredStatements="1" TotalStatements="1" CoveragePercent="100" />
          <PropertySetter CoveredStatements="1" TotalStatements="1" CoveragePercent="100" />
        </AutoProperty>
        <Property Name="NumberOfOpenConnections:long" CoveredStatements="1" TotalStatements="1" CoveragePercent="100">
          <PropertyGetter CoveredStatements="1" TotalStatements="1" CoveragePercent="100" />
        </Property>
        <Property Name="ProcWrappingStyle:ProcWrappingStyle" CoveredStatements="2" TotalStatements="2" CoveragePercent="100">
          <PropertyGetter CoveredStatements="1" TotalStatements="1" CoveragePercent="100" />
          <PropertySetter CoveredStatements="1" TotalStatements="1" CoveragePercent="100" />
        </Property>
        <Property Name="Product:SupportedDatabase" CoveredStatements="1" TotalStatements="1" CoveragePercent="100">
          <PropertyGetter CoveredStatements="1" TotalStatements="1" CoveragePercent="100" />
        </Property>
        <Property Name="QuotePrefix:string" CoveredStatements="1" TotalStatements="1" CoveragePercent="100">
          <PropertyGetter CoveredStatements="1" TotalStatements="1" CoveragePercent="100" />
        </Property>
        <Property Name="QuoteSuffix:string" CoveredStatements="1" TotalStatements="1" CoveragePercent="100">
          <PropertyGetter CoveredStatements="1" TotalStatements="1" CoveragePercent="100" />
        </Property>
        <AutoProperty Name="RCSIEnabled:bool" CoveredStatements="1" TotalStatements="1" CoveragePercent="100">
          <PropertyGetter CoveredStatements="1" TotalStatements="1" CoveragePercent="100" />
        </AutoProperty>
        <AutoProperty Name="ReadWriteMode:ReadWriteMode" CoveredStatements="0" TotalStatements="1" CoveragePercent="0">
          <PropertyGetter CoveredStatements="0" TotalStatements="1" CoveragePercent="0" />
        </AutoProperty>
        <Property Name="SessionSettingsPreamble:string" CoveredStatements="1" TotalStatements="1" CoveragePercent="100">
          <PropertyGetter CoveredStatements="1" TotalStatements="1" CoveragePercent="100" />
        </Property>
        <AutoProperty Name="TypeMapRegistry:ITypeMapRegistry" CoveredStatements="1" TotalStatements="1" CoveragePercent="100">
          <PropertyGetter CoveredStatements="1" TotalStatements="1" CoveragePercent="100" />
        </AutoProperty>
        <Method Name="ApplyConnectionSessionSettings(IDbConnection):void" CoveredStatements="9" TotalStatements="14" CoveragePercent="64" />
        <Method Name="AssertIsReadConnection():void" CoveredStatements="4" TotalStatements="4" CoveragePercent="100" />
        <Method Name="AssertIsWriteConnection():void" CoveredStatements="4" TotalStatements="4" CoveragePercent="100" />
        <Method Name="BeginTransaction(Nullable&lt;IsolationLevel&gt;):ITransactionContext" CoveredStatements="6" TotalStatements="8" CoveragePercent="75" />
        <Method Name="BeginTransaction(IsolationProfile):ITransactionContext" CoveredStatements="3" TotalStatements="3" CoveragePercent="100" />
        <Method Name="CheckForSqlServerSettings(ITrackedConnection):void" CoveredStatements="5" TotalStatements="26" CoveragePercent="19">
          <OwnCoverage CoveredStatements="5" TotalStatements="24" CoveragePercent="21" />
          <AnonymousMethod Name="(KeyValuePair&lt;string,string&gt;):string" CoveredStatements="0" TotalStatements="1" CoveragePercent="0" />
          <AnonymousMethod Name="(KeyValuePair&lt;string,string&gt;):string" CoveredStatements="0" TotalStatements="1" CoveragePercent="0" />
        </Method>
        <Method Name="CloseAndDisposeConnection(ITrackedConnection):void" CoveredStatements="12" TotalStatements="22" CoveragePercent="55" />
        <Method Name="CloseAndDisposeConnectionAsync(ITrackedConnection):ValueTask" CoveredStatements="6" TotalStatements="8" CoveragePercent="75">
          <InternalCompiledMethod Name="MoveNext():void" CoveredStatements="6" TotalStatements="8" CoveragePercent="75" />
        </Method>
        <Method Name="CompareResults(Dictionary&lt;string,string&gt;,Dictionary&lt;string,string&gt;):StringBuilder" CoveredStatements="0" TotalStatements="17" CoveragePercent="0" />
        <Method Name="CreateDbParameter&lt;T&gt;(string,DbType,T):DbParameter" CoveredStatements="12" TotalStatements="12" CoveragePercent="100" />
        <Method Name="CreateDbParameter&lt;T&gt;(DbType,T):DbParameter" CoveredStatements="3" TotalStatements="3" CoveragePercent="100" />
        <Method Name="CreateSqlContainer(string):ISqlContainer" CoveredStatements="3" TotalStatements="3" CoveragePercent="100" />
        <Method Name="DisposeManaged():void" CoveredStatements="5" TotalStatements="5" CoveragePercent="100" />
        <Method Name="FactoryCreateConnection(string,bool):ITrackedConnection" CoveredStatements="23" TotalStatements="23" CoveragePercent="100">
          <OwnCoverage CoveredStatements="7" TotalStatements="7" CoveragePercent="100" />
          <AnonymousMethod Name="(object,StateChangeEventArgs):void" CoveredStatements="13" TotalStatements="13" CoveragePercent="100" />
          <AnonymousMethod Name="(DbConnection):void" CoveredStatements="3" TotalStatements="3" CoveragePercent="100" />
        </Method>
        <Method Name="GenerateRandomName(int,int):string" CoveredStatements="12" TotalStatements="12" CoveragePercent="100" />
        <Method Name="GetConnection(ExecutionType,bool):ITrackedConnection" CoveredStatements="6" TotalStatements="7" CoveragePercent="86" />
        <Method Name="GetFactoryConnectionStringBuilder(string):DbConnectionStringBuilder" CoveredStatements="5" TotalStatements="5" CoveragePercent="100" />
        <Method Name="GetLock():ILockerAsync" CoveredStatements="3" TotalStatements="3" CoveragePercent="100" />
        <Method Name="GetSingleConnection():ITrackedConnection" CoveredStatements="3" TotalStatements="3" CoveragePercent="100" />
        <Method Name="GetSingleWriterConnection(ExecutionType,bool):ITrackedConnection" CoveredStatements="5" TotalStatements="5" CoveragePercent="100" />
        <Method Name="GetStandardConnection(bool):ITrackedConnection" CoveredStatements="4" TotalStatements="4" CoveragePercent="100" />
        <Method Name="InitializeInternals(IDatabaseContextConfiguration):void" CoveredStatements="34" TotalStatements="37" CoveragePercent="92" />
        <Method Name="MakeParameterName(DbParameter):string" CoveredStatements="3" TotalStatements="3" CoveragePercent="100" />
        <Method Name="MakeParameterName(string):string" CoveredStatements="3" TotalStatements="3" CoveragePercent="100" />
        <Method Name="SanitizeConnectionString(string):void" CoveredStatements="8" TotalStatements="8" CoveragePercent="100" />
        <Method Name="SetupConnectionSessionSettingsForProvider(ITrackedConnection):void" CoveredStatements="15" TotalStatements="17" CoveragePercent="88" />
        <Method Name="UpdateMaxConnectionCount(long):void" CoveredStatements="8" TotalStatements="8" CoveragePercent="100" />
        <Method Name="WrapObjectName(string):string" CoveredStatements="20" TotalStatements="21" CoveragePercent="95" />
      </Type>
      <Type Name="DataReaderMapper" CoveredStatements="36" TotalStatements="39" CoveragePercent="92">
        <Method Name="LoadObjectsFromDataReaderAsync&lt;T&gt;(IDataReader,CancellationToken):Task&lt;List&lt;T&gt;&gt;" CoveredStatements="36" TotalStatements="39" CoveragePercent="92">
          <InternalCompiledMethod Name="MoveNext():void" CoveredStatements="36" TotalStatements="39" CoveragePercent="92">
            <OwnCoverage CoveredStatements="35" TotalStatements="38" CoveragePercent="92" />
            <AnonymousMethod Name="(PropertyInfo):string" CoveredStatements="1" TotalStatements="1" CoveragePercent="100" />
          </InternalCompiledMethod>
        </Method>
      </Type>
      <Type Name="DataSourceInformation" CoveredStatements="174" TotalStatements="228" CoveragePercent="76">
        <Constructor Name="DataSourceInformation()" CoveredStatements="7" TotalStatements="7" CoveragePercent="100" />
        <Constructor Name="DataSourceInformation(DbConnection)" CoveredStatements="8" TotalStatements="9" CoveragePercent="89" />
        <Constructor Name="DataSourceInformation()" CoveredStatements="5" TotalStatements="5" CoveragePercent="100" />
        <AutoProperty Name="CompositeIdentifierSeparator:string" CoveredStatements="1" TotalStatements="2" CoveragePercent="50">
          <PropertyGetter CoveredStatements="1" TotalStatements="1" CoveragePercent="100" />
          <PropertySetter CoveredStatements="0" TotalStatements="1" CoveragePercent="0" />
        </AutoProperty>
        <AutoProperty Name="DatabaseProductName:string" CoveredStatements="2" TotalStatements="2" CoveragePercent="100">
          <PropertyGetter CoveredStatements="1" TotalStatements="1" CoveragePercent="100" />
          <PropertySetter CoveredStatements="1" TotalStatements="1" CoveragePercent="100" />
        </AutoProperty>
        <AutoProperty Name="DatabaseProductVersion:string" CoveredStatements="1" TotalStatements="2" CoveragePercent="50">
          <PropertyGetter CoveredStatements="0" TotalStatements="1" CoveragePercent="0" />
          <PropertySetter CoveredStatements="1" TotalStatements="1" CoveragePercent="100" />
        </AutoProperty>
        <AutoProperty Name="MaxParameterLimit:int" CoveredStatements="2" TotalStatements="2" CoveragePercent="100">
          <PropertyGetter CoveredStatements="1" TotalStatements="1" CoveragePercent="100" />
          <PropertySetter CoveredStatements="1" TotalStatements="1" CoveragePercent="100" />
        </AutoProperty>
        <AutoProperty Name="ParameterMarker:string" CoveredStatements="2" TotalStatements="2" CoveragePercent="100">
          <PropertyGetter CoveredStatements="1" TotalStatements="1" CoveragePercent="100" />
          <PropertySetter CoveredStatements="1" TotalStatements="1" CoveragePercent="100" />
        </AutoProperty>
        <AutoProperty Name="ParameterMarkerPattern:string" CoveredStatements="1" TotalStatements="2" CoveragePercent="50">
          <PropertyGetter CoveredStatements="0" TotalStatements="1" CoveragePercent="0" />
          <PropertySetter CoveredStatements="1" TotalStatements="1" CoveragePercent="100" />
        </AutoProperty>
        <AutoProperty Name="ParameterNameMaxLength:int" CoveredStatements="1" TotalStatements="2" CoveragePercent="50">
          <PropertyGetter CoveredStatements="0" TotalStatements="1" CoveragePercent="0" />
          <PropertySetter CoveredStatements="1" TotalStatements="1" CoveragePercent="100" />
        </AutoProperty>
        <AutoProperty Name="ParameterNamePatternRegex:Regex" CoveredStatements="1" TotalStatements="2" CoveragePercent="50">
          <PropertyGetter CoveredStatements="0" TotalStatements="1" CoveragePercent="0" />
          <PropertySetter CoveredStatements="1" TotalStatements="1" CoveragePercent="100" />
        </AutoProperty>
        <AutoProperty Name="PrepareStatements:bool" CoveredStatements="2" TotalStatements="2" CoveragePercent="100">
          <PropertyGetter CoveredStatements="1" TotalStatements="1" CoveragePercent="100" />
          <PropertySetter CoveredStatements="1" TotalStatements="1" CoveragePercent="100" />
        </AutoProperty>
        <AutoProperty Name="ProcWrappingStyle:ProcWrappingStyle" CoveredStatements="2" TotalStatements="2" CoveragePercent="100">
          <PropertyGetter CoveredStatements="1" TotalStatements="1" CoveragePercent="100" />
          <PropertySetter CoveredStatements="1" TotalStatements="1" CoveragePercent="100" />
        </AutoProperty>
        <AutoProperty Name="Product:SupportedDatabase" CoveredStatements="2" TotalStatements="2" CoveragePercent="100">
          <PropertyGetter CoveredStatements="1" TotalStatements="1" CoveragePercent="100" />
          <PropertySetter CoveredStatements="1" TotalStatements="1" CoveragePercent="100" />
        </AutoProperty>
        <AutoProperty Name="QuotePrefix:string" CoveredStatements="2" TotalStatements="2" CoveragePercent="100">
          <PropertyGetter CoveredStatements="1" TotalStatements="1" CoveragePercent="100" />
          <PropertySetter CoveredStatements="1" TotalStatements="1" CoveragePercent="100" />
        </AutoProperty>
        <AutoProperty Name="QuoteSuffix:string" CoveredStatements="2" TotalStatements="2" CoveragePercent="100">
          <PropertyGetter CoveredStatements="1" TotalStatements="1" CoveragePercent="100" />
          <PropertySetter CoveredStatements="1" TotalStatements="1" CoveragePercent="100" />
        </AutoProperty>
        <Property Name="RequiresStoredProcParameterNameMatch:bool" CoveredStatements="5" TotalStatements="5" CoveragePercent="100">
          <PropertyGetter CoveredStatements="5" TotalStatements="5" CoveragePercent="100" />
        </Property>
        <Property Name="SupportsInsertOnConflict:bool" CoveredStatements="7" TotalStatements="7" CoveragePercent="100">
          <PropertyGetter CoveredStatements="7" TotalStatements="7" CoveragePercent="100" />
        </Property>
        <Property Name="SupportsMerge:bool" CoveredStatements="5" TotalStatements="5" CoveragePercent="100">
          <PropertyGetter CoveredStatements="5" TotalStatements="5" CoveragePercent="100" />
        </Property>
        <AutoProperty Name="SupportsNamedParameters:bool" CoveredStatements="2" TotalStatements="2" CoveragePercent="100">
          <PropertyGetter CoveredStatements="1" TotalStatements="1" CoveragePercent="100" />
          <PropertySetter CoveredStatements="1" TotalStatements="1" CoveragePercent="100" />
        </AutoProperty>
        <Method Name="ApplySchema(DataTable):void" CoveredStatements="10" TotalStatements="10" CoveragePercent="100" />
        <Method Name="BuildEmptySchema(string,string,string,string,int,string,string,bool):DataTable" CoveredStatements="13" TotalStatements="13" CoveragePercent="100" />
        <Method Name="Create(ITrackedConnection):DataSourceInformation" CoveredStatements="3" TotalStatements="3" CoveragePercent="100" />
        <Method Name="CreateAsync(ITrackedConnection):Task&lt;DataSourceInformation&gt;" CoveredStatements="3" TotalStatements="3" CoveragePercent="100" />
        <Method Name="CreateInternalAsync(ITrackedConnection):Task&lt;DataSourceInformation&gt;" CoveredStatements="5" TotalStatements="5" CoveragePercent="100">
          <InternalCompiledMethod Name="MoveNext():void" CoveredStatements="5" TotalStatements="5" CoveragePercent="100" />
        </Method>
        <Method Name="ExecuteScalarViaReaderAsync(ITrackedConnection,string):Task&lt;object&gt;" CoveredStatements="9" TotalStatements="14" CoveragePercent="64">
          <InternalCompiledMethod Name="MoveNext():void" CoveredStatements="9" TotalStatements="14" CoveragePercent="64" />
        </Method>
        <Method Name="GetDatabaseVersion(ITrackedConnection):string" CoveredStatements="0" TotalStatements="22" CoveragePercent="0" />
        <Method Name="GetField&lt;T&gt;(DataRow,string,T):T" CoveredStatements="7" TotalStatements="7" CoveragePercent="100" />
        <Method Name="GetSchema(ITrackedConnection):DataTable" CoveredStatements="0" TotalStatements="5" CoveragePercent="0" />
        <Method Name="GetSchemaAsync(ITrackedConnection):Task&lt;DataTable&gt;" CoveredStatements="5" TotalStatements="5" CoveragePercent="100">
          <InternalCompiledMethod Name="MoveNext():void" CoveredStatements="5" TotalStatements="5" CoveragePercent="100" />
        </Method>
        <Method Name="GetVersionAsync(ITrackedConnection,string):Task&lt;string&gt;" CoveredStatements="4" TotalStatements="4" CoveragePercent="100">
          <InternalCompiledMethod Name="MoveNext():void" CoveredStatements="4" TotalStatements="4" CoveragePercent="100" />
        </Method>
        <Method Name="InferDatabaseProduct(string):SupportedDatabase" CoveredStatements="19" TotalStatements="22" CoveragePercent="86" />
        <Method Name="InitializeInternalAsync(ITrackedConnection):Task" CoveredStatements="21" TotalStatements="21" CoveragePercent="100">
          <InternalCompiledMethod Name="MoveNext():void" CoveredStatements="21" TotalStatements="21" CoveragePercent="100" />
        </Method>
        <Method Name="InitializeSync(ITrackedConnection):void" CoveredStatements="3" TotalStatements="3" CoveragePercent="100" />
        <Method Name="IsSqliteAsync(ITrackedConnection):Task&lt;bool&gt;" CoveredStatements="5" TotalStatements="8" CoveragePercent="63">
          <InternalCompiledMethod Name="MoveNext():void" CoveredStatements="5" TotalStatements="8" CoveragePercent="63" />
        </Method>
        <Method Name="IsSqliteSync(ITrackedConnection):bool" CoveredStatements="0" TotalStatements="10" CoveragePercent="0" />
        <Method Name="ReadSqliteSchema():DataTable" CoveredStatements="7" TotalStatements="7" CoveragePercent="100" />
      </Type>
      <Type Name="EntityHelper&lt;TEntity,TRowID&gt;" CoveredStatements="305" TotalStatements="382" CoveragePercent="80">
        <Constructor Name="EntityHelper(IDatabaseContext,EnumParseFailureMode)" CoveredStatements="0" TotalStatements="17" CoveragePercent="0">
          <OwnCoverage CoveredStatements="0" TotalStatements="14" CoveragePercent="0" />
          <AnonymousMethod Name="(IColumnInfo):bool" CoveredStatements="0" TotalStatements="1" CoveragePercent="0" />
          <AnonymousMethod Name="(IColumnInfo):bool" CoveredStatements="0" TotalStatements="1" CoveragePercent="0" />
          <AnonymousMethod Name="(IColumnInfo):bool" CoveredStatements="0" TotalStatements="1" CoveragePercent="0" />
        </Constructor>
        <Constructor Name="EntityHelper(IDatabaseContext,IAuditValueResolver,EnumParseFailureMode)" CoveredStatements="17" TotalStatements="17" CoveragePercent="100">
          <OwnCoverage CoveredStatements="14" TotalStatements="14" CoveragePercent="100" />
          <AnonymousMethod Name="(IColumnInfo):bool" CoveredStatements="1" TotalStatements="1" CoveragePercent="100" />
          <AnonymousMethod Name="(IColumnInfo):bool" CoveredStatements="1" TotalStatements="1" CoveragePercent="100" />
          <AnonymousMethod Name="(IColumnInfo):bool" CoveredStatements="1" TotalStatements="1" CoveragePercent="100" />
        </Constructor>
        <Constructor Name="EntityHelper()" CoveredStatements="1" TotalStatements="1" CoveragePercent="100" />
        <AutoProperty Name="EnumParseBehavior:EnumParseFailureMode" CoveredStatements="1" TotalStatements="2" CoveragePercent="50">
          <PropertyGetter CoveredStatements="0" TotalStatements="1" CoveragePercent="0" />
          <PropertySetter CoveredStatements="1" TotalStatements="1" CoveragePercent="100" />
        </AutoProperty>
        <AutoProperty Name="WrappedTableName:string" CoveredStatements="1" TotalStatements="1" CoveragePercent="100">
          <PropertyGetter CoveredStatements="1" TotalStatements="1" CoveragePercent="100" />
        </AutoProperty>
        <Method Name="BuildBaseRetrieve(string,IDatabaseContext):ISqlContainer" CoveredStatements="15" TotalStatements="15" CoveragePercent="100">
          <OwnCoverage CoveredStatements="14" TotalStatements="14" CoveragePercent="100" />
          <AnonymousMethod Name="(IColumnInfo):string" CoveredStatements="1" TotalStatements="1" CoveragePercent="100" />
        </Method>
        <Method Name="BuildCreate(TEntity,IDatabaseContext):ISqlContainer" CoveredStatements="35" TotalStatements="39" CoveragePercent="90" />
        <Method Name="BuildDelete(TRowID,IDatabaseContext):ISqlContainer" CoveredStatements="15" TotalStatements="19" CoveragePercent="79" />
        <Method Name="BuildRetrieve(IReadOnlyCollection&lt;TRowID&gt;,string,IDatabaseContext):ISqlContainer" CoveredStatements="9" TotalStatements="10" CoveragePercent="90" />
        <Method Name="BuildRetrieve(IReadOnlyCollection&lt;TEntity&gt;,string,IDatabaseContext):ISqlContainer" CoveredStatements="9" TotalStatements="10" CoveragePercent="90" />
        <Method Name="BuildRetrieve(IReadOnlyCollection&lt;TRowID&gt;,IDatabaseContext):ISqlContainer" CoveredStatements="3" TotalStatements="3" CoveragePercent="100" />
        <Method Name="BuildRetrieve(IReadOnlyCollection&lt;TEntity&gt;,IDatabaseContext):ISqlContainer" CoveredStatements="3" TotalStatements="3" CoveragePercent="100" />
        <Method Name="BuildUpdateAsync(TEntity,IDatabaseContext):Task&lt;ISqlContainer&gt;" CoveredStatements="4" TotalStatements="4" CoveragePercent="100" />
        <Method Name="BuildUpdateAsync(TEntity,bool,IDatabaseContext):Task&lt;ISqlContainer&gt;" CoveredStatements="51" TotalStatements="61" CoveragePercent="84">
          <InternalCompiledMethod Name="MoveNext():void" CoveredStatements="51" TotalStatements="61" CoveragePercent="84" />
        </Method>
        <Method Name="BuildWhere(string,IEnumerable&lt;TRowID&gt;,ISqlContainer):ISqlContainer" CoveredStatements="28" TotalStatements="35" CoveragePercent="80">
          <OwnCoverage CoveredStatements="27" TotalStatements="34" CoveragePercent="79" />
          <AnonymousMethod Name="(TRowID):bool" CoveredStatements="1" TotalStatements="1" CoveragePercent="100" />
        </Method>
        <Method Name="BuildWhereByPrimaryKey(IReadOnlyCollection&lt;TEntity&gt;,ISqlContainer,string):void" CoveredStatements="46" TotalStatements="56" CoveragePercent="82">
          <OwnCoverage CoveredStatements="45" TotalStatements="55" CoveragePercent="82" />
          <AnonymousMethod Name="(IColumnInfo):bool" CoveredStatements="1" TotalStatements="1" CoveragePercent="100" />
        </Method>
        <Method Name="GetOrCreateSetter(PropertyInfo):Action&lt;object,object&gt;" CoveredStatements="13" TotalStatements="13" CoveragePercent="100">
          <OwnCoverage CoveredStatements="3" TotalStatements="3" CoveragePercent="100" />
          <AnonymousMethod Name="(PropertyInfo):Action&lt;object,object&gt;" CoveredStatements="10" TotalStatements="10" CoveragePercent="100" />
        </Method>
        <Method Name="LoadListAsync(ISqlContainer):Task&lt;List&lt;TEntity&gt;&gt;" CoveredStatements="11" TotalStatements="11" CoveragePercent="100">
          <InternalCompiledMethod Name="MoveNext():void" CoveredStatements="11" TotalStatements="11" CoveragePercent="100" />
        </Method>
        <Method Name="LoadSingleAsync(ISqlContainer):Task&lt;TEntity&gt;" CoveredStatements="6" TotalStatements="6" CoveragePercent="100">
          <InternalCompiledMethod Name="MoveNext():void" CoveredStatements="6" TotalStatements="6" CoveragePercent="100" />
        </Method>
        <Method Name="MakeParameterName(DbParameter):string" CoveredStatements="3" TotalStatements="3" CoveragePercent="100" />
        <Method Name="MapReaderToObject(ITrackedReader):TEntity" CoveredStatements="20" TotalStatements="23" CoveragePercent="87" />
        <Method Name="RetrieveOneAsync(TEntity,IDatabaseContext):Task&lt;TEntity&gt;" CoveredStatements="7" TotalStatements="7" CoveragePercent="100" />
        <Method Name="SetAuditFields(TEntity,bool):void" CoveredStatements="4" TotalStatements="23" CoveragePercent="17" />
        <Method Name="WrapObjectName(string):string" CoveredStatements="3" TotalStatements="3" CoveragePercent="100" />
      </Type>
      <Type Name="EphemeralSecureString" CoveredStatements="70" TotalStatements="71" CoveragePercent="99">
        <Constructor Name="EphemeralSecureString(string)" CoveredStatements="13" TotalStatements="14" CoveragePercent="93" />
        <Method Name="ClearPlainText(object):void" CoveredStatements="12" TotalStatements="12" CoveragePercent="100" />
        <Method Name="DecryptBytes(byte[],byte[],byte[]):byte[]" CoveredStatements="9" TotalStatements="9" CoveragePercent="100" />
        <Method Name="Dispose():void" CoveredStatements="9" TotalStatements="9" CoveragePercent="100" />
        <Method Name="EncryptStringToBytes(string,byte[],byte[],Encoding):byte[]" CoveredStatements="12" TotalStatements="12" CoveragePercent="100" />
        <Method Name="Reveal():string" CoveredStatements="11" TotalStatements="11" CoveragePercent="100" />
        <Method Name="WithRevealed(Action&lt;string&gt;):void" CoveredStatements="4" TotalStatements="4" CoveragePercent="100" />
      </Type>
      <Type Name="SqlContainer" CoveredStatements="151" TotalStatements="176" CoveragePercent="86">
        <Constructor Name="SqlContainer(IDatabaseContext,string,ILogger&lt;ISqlContainer&gt;)" CoveredStatements="7" TotalStatements="7" CoveragePercent="100" />
        <Property Name="ParameterCount:int" CoveredStatements="1" TotalStatements="1" CoveragePercent="100">
          <PropertyGetter CoveredStatements="1" TotalStatements="1" CoveragePercent="100" />
        </Property>
        <AutoProperty Name="Query:StringBuilder" CoveredStatements="1" TotalStatements="1" CoveragePercent="100">
          <PropertyGetter CoveredStatements="1" TotalStatements="1" CoveragePercent="100" />
        </AutoProperty>
        <Method Name="AddParameter(DbParameter):void" CoveredStatements="5" TotalStatements="7" CoveragePercent="71" />
        <Method Name="AddParameters(IEnumerable&lt;DbParameter&gt;):void" CoveredStatements="8" TotalStatements="8" CoveragePercent="100" />
        <Method Name="AddParameterWithValue&lt;T&gt;(DbType,T):DbParameter" CoveredStatements="4" TotalStatements="5" CoveragePercent="80" />
        <Method Name="AddParameterWithValue&lt;T&gt;(string,DbType,T):DbParameter" CoveredStatements="6" TotalStatements="6" CoveragePercent="100" />
        <Method Name="Cleanup(DbCommand,ITrackedConnection,ExecutionType):void" CoveredStatements="16" TotalStatements="16" CoveragePercent="100" />
        <Method Name="Clear():void" CoveredStatements="4" TotalStatements="4" CoveragePercent="100" />
        <Method Name="CreateCommand(ITrackedConnection):DbCommand" CoveredStatements="6" TotalStatements="6" CoveragePercent="100" />
        <Method Name="DisposeManaged():void" CoveredStatements="0" TotalStatements="4" CoveragePercent="0" />
        <Method Name="ExecuteNonQueryAsync(CommandType):Task&lt;int&gt;" CoveredStatements="17" TotalStatements="18" CoveragePercent="94">
          <InternalCompiledMethod Name="MoveNext():void" CoveredStatements="17" TotalStatements="18" CoveragePercent="94" />
        </Method>
        <Method Name="ExecuteReaderAsync(CommandType):Task&lt;ITrackedReader&gt;" CoveredStatements="20" TotalStatements="21" CoveragePercent="95">
          <InternalCompiledMethod Name="MoveNext():void" CoveredStatements="20" TotalStatements="21" CoveragePercent="95" />
        </Method>
        <Method Name="ExecuteScalarAsync&lt;T&gt;(CommandType):Task&lt;T&gt;" CoveredStatements="10" TotalStatements="10" CoveragePercent="100">
          <InternalCompiledMethod Name="MoveNext():void" CoveredStatements="10" TotalStatements="10" CoveragePercent="100" />
        </Method>
        <Method Name="GenerateRandomName():string" CoveredStatements="7" TotalStatements="8" CoveragePercent="88" />
        <Method Name="MakeParameterName(DbParameter):string" CoveredStatements="0" TotalStatements="3" CoveragePercent="0" />
        <Method Name="OpenConnection(ITrackedConnection):void" CoveredStatements="3" TotalStatements="4" CoveragePercent="75" />
        <Method Name="PrepareCommand(ITrackedConnection,CommandType,ExecutionType):DbCommand" CoveredStatements="17" TotalStatements="21" CoveragePercent="81" />
        <Method Name="WrapForStoredProc(ExecutionType,bool):string" CoveredStatements="19" TotalStatements="23" CoveragePercent="83">
          <OwnCoverage CoveredStatements="13" TotalStatements="15" CoveragePercent="87" />
          <LocalFunction Name="BuildProcedureArguments():string" CoveredStatements="6" TotalStatements="8" CoveragePercent="75">
            <OwnCoverage CoveredStatements="5" TotalStatements="7" CoveragePercent="71" />
            <AnonymousMethod Name="(DbParameter):string" CoveredStatements="1" TotalStatements="1" CoveragePercent="100" />
          </LocalFunction>
        </Method>
        <Method Name="WrapObjectName(string):string" CoveredStatements="0" TotalStatements="3" CoveragePercent="0" />
      </Type>
      <Type Name="StubAuditValueResolver" CoveredStatements="7" TotalStatements="7" CoveragePercent="100">
        <Constructor Name="StubAuditValueResolver(object)" CoveredStatements="4" TotalStatements="4" CoveragePercent="100" />
        <Method Name="Resolve():IAuditValues" CoveredStatements="3" TotalStatements="3" CoveragePercent="100" />
      </Type>
      <Type Name="TableInfo" CoveredStatements="14" TotalStatements="18" CoveragePercent="78">
        <Constructor Name="TableInfo()" CoveredStatements="1" TotalStatements="1" CoveragePercent="100" />
        <AutoProperty Name="Columns:Dictionary&lt;string,IColumnInfo&gt;" CoveredStatements="1" TotalStatements="1" CoveragePercent="100">
          <PropertyGetter CoveredStatements="1" TotalStatements="1" CoveragePercent="100" />
        </AutoProperty>
        <AutoProperty Name="CreatedBy:IColumnInfo" CoveredStatements="1" TotalStatements="2" CoveragePercent="50">
          <PropertyGetter CoveredStatements="0" TotalStatements="1" CoveragePercent="0" />
          <PropertySetter CoveredStatements="1" TotalStatements="1" CoveragePercent="100" />
        </AutoProperty>
        <AutoProperty Name="CreatedOn:IColumnInfo" CoveredStatements="1" TotalStatements="2" CoveragePercent="50">
          <PropertyGetter CoveredStatements="0" TotalStatements="1" CoveragePercent="0" />
          <PropertySetter CoveredStatements="1" TotalStatements="1" CoveragePercent="100" />
        </AutoProperty>
        <AutoProperty Name="Id:IColumnInfo" CoveredStatements="2" TotalStatements="2" CoveragePercent="100">
          <PropertyGetter CoveredStatements="1" TotalStatements="1" CoveragePercent="100" />
          <PropertySetter CoveredStatements="1" TotalStatements="1" CoveragePercent="100" />
        </AutoProperty>
        <AutoProperty Name="LastUpdatedBy:IColumnInfo" CoveredStatements="1" TotalStatements="2" CoveragePercent="50">
          <PropertyGetter CoveredStatements="0" TotalStatements="1" CoveragePercent="0" />
          <PropertySetter CoveredStatements="1" TotalStatements="1" CoveragePercent="100" />
        </AutoProperty>
        <AutoProperty Name="LastUpdatedOn:IColumnInfo" CoveredStatements="1" TotalStatements="2" CoveragePercent="50">
          <PropertyGetter CoveredStatements="0" TotalStatements="1" CoveragePercent="0" />
          <PropertySetter CoveredStatements="1" TotalStatements="1" CoveragePercent="100" />
        </AutoProperty>
        <AutoProperty Name="Name:string" CoveredStatements="2" TotalStatements="2" CoveragePercent="100">
          <PropertyGetter CoveredStatements="1" TotalStatements="1" CoveragePercent="100" />
          <PropertySetter CoveredStatements="1" TotalStatements="1" CoveragePercent="100" />
        </AutoProperty>
        <AutoProperty Name="Schema:string" CoveredStatements="2" TotalStatements="2" CoveragePercent="100">
          <PropertyGetter CoveredStatements="1" TotalStatements="1" CoveragePercent="100" />
          <PropertySetter CoveredStatements="1" TotalStatements="1" CoveragePercent="100" />
        </AutoProperty>
        <AutoProperty Name="Version:IColumnInfo" CoveredStatements="2" TotalStatements="2" CoveragePercent="100">
          <PropertyGetter CoveredStatements="1" TotalStatements="1" CoveragePercent="100" />
          <PropertySetter CoveredStatements="1" TotalStatements="1" CoveragePercent="100" />
        </AutoProperty>
      </Type>
      <Type Name="TransactionContext" CoveredStatements="122" TotalStatements="169" CoveragePercent="72">
        <Constructor Name="TransactionContext(IDatabaseContext,IsolationLevel,Nullable&lt;ExecutionType&gt;,ILogger&lt;TransactionContext&gt;)" CoveredStatements="14" TotalStatements="15" CoveragePercent="93" />
        <Property Name="CompositeIdentifierSeparator:string" CoveredStatements="0" TotalStatements="1" CoveragePercent="0">
          <PropertyGetter CoveredStatements="0" TotalStatements="1" CoveragePercent="0" />
        </Property>
        <Property Name="ConnectionMode:DbMode" CoveredStatements="1" TotalStatements="1" CoveragePercent="100">
          <PropertyGetter CoveredStatements="1" TotalStatements="1" CoveragePercent="100" />
        </Property>
        <Property Name="DataSourceInfo:IDataSourceInformation" CoveredStatements="1" TotalStatements="1" CoveragePercent="100">
          <PropertyGetter CoveredStatements="1" TotalStatements="1" CoveragePercent="100" />
        </Property>
        <Property Name="IsCompleted:bool" CoveredStatements="1" TotalStatements="1" CoveragePercent="100">
          <PropertyGetter CoveredStatements="1" TotalStatements="1" CoveragePercent="100" />
        </Property>
        <Property Name="IsolationLevel:IsolationLevel" CoveredStatements="1" TotalStatements="1" CoveragePercent="100">
          <PropertyGetter CoveredStatements="1" TotalStatements="1" CoveragePercent="100" />
        </Property>
        <Property Name="IsReadOnlyConnection:bool" CoveredStatements="1" TotalStatements="1" CoveragePercent="100">
          <PropertyGetter CoveredStatements="1" TotalStatements="1" CoveragePercent="100" />
        </Property>
        <Property Name="MaxNumberOfConnections:long" CoveredStatements="0" TotalStatements="1" CoveragePercent="0">
          <PropertyGetter CoveredStatements="0" TotalStatements="1" CoveragePercent="0" />
        </Property>
        <Property Name="MaxParameterLimit:int" CoveredStatements="1" TotalStatements="1" CoveragePercent="100">
          <PropertyGetter CoveredStatements="1" TotalStatements="1" CoveragePercent="100" />
        </Property>
        <Property Name="NumberOfOpenConnections:long" CoveredStatements="0" TotalStatements="1" CoveragePercent="0">
          <PropertyGetter CoveredStatements="0" TotalStatements="1" CoveragePercent="0" />
        </Property>
        <Property Name="ProcWrappingStyle:ProcWrappingStyle" CoveredStatements="0" TotalStatements="2" CoveragePercent="0">
          <PropertyGetter CoveredStatements="0" TotalStatements="1" CoveragePercent="0" />
          <PropertySetter CoveredStatements="0" TotalStatements="1" CoveragePercent="0" />
        </Property>
        <Property Name="Product:SupportedDatabase" CoveredStatements="0" TotalStatements="1" CoveragePercent="0">
          <PropertyGetter CoveredStatements="0" TotalStatements="1" CoveragePercent="0" />
        </Property>
        <Property Name="QuotePrefix:string" CoveredStatements="0" TotalStatements="1" CoveragePercent="0">
          <PropertyGetter CoveredStatements="0" TotalStatements="1" CoveragePercent="0" />
        </Property>
        <Property Name="QuoteSuffix:string" CoveredStatements="0" TotalStatements="1" CoveragePercent="0">
          <PropertyGetter CoveredStatements="0" TotalStatements="1" CoveragePercent="0" />
        </Property>
        <Property Name="RCSIEnabled:bool" CoveredStatements="0" TotalStatements="1" CoveragePercent="0">
          <PropertyGetter CoveredStatements="0" TotalStatements="1" CoveragePercent="0" />
        </Property>
        <Property Name="SessionSettingsPreamble:string" CoveredStatements="0" TotalStatements="1" CoveragePercent="0">
          <PropertyGetter CoveredStatements="0" TotalStatements="1" CoveragePercent="0" />
        </Property>
        <Property Name="Transaction:IDbTransaction" CoveredStatements="1" TotalStatements="1" CoveragePercent="100">
          <PropertyGetter CoveredStatements="1" TotalStatements="1" CoveragePercent="100" />
        </Property>
        <AutoProperty Name="TransactionId:Guid" CoveredStatements="0" TotalStatements="1" CoveragePercent="0">
          <PropertyGetter CoveredStatements="0" TotalStatements="1" CoveragePercent="0" />
        </AutoProperty>
        <Property Name="TypeMapRegistry:ITypeMapRegistry" CoveredStatements="0" TotalStatements="1" CoveragePercent="0">
          <PropertyGetter CoveredStatements="0" TotalStatements="1" CoveragePercent="0" />
        </Property>
        <Property Name="WasCommitted:bool" CoveredStatements="1" TotalStatements="1" CoveragePercent="100">
          <PropertyGetter CoveredStatements="1" TotalStatements="1" CoveragePercent="100" />
        </Property>
        <Property Name="WasRolledBack:bool" CoveredStatements="1" TotalStatements="1" CoveragePercent="100">
          <PropertyGetter CoveredStatements="1" TotalStatements="1" CoveragePercent="100" />
        </Property>
        <Method Name="AssertIsReadConnection():void" CoveredStatements="3" TotalStatements="3" CoveragePercent="100" />
        <Method Name="AssertIsWriteConnection():void" CoveredStatements="3" TotalStatements="3" CoveragePercent="100" />
        <Method Name="BeginTransaction(IsolationProfile):ITransactionContext" CoveredStatements="0" TotalStatements="2" CoveragePercent="0" />
        <Method Name="BeginTransaction(Nullable&lt;IsolationLevel&gt;):ITransactionContext" CoveredStatements="2" TotalStatements="2" CoveragePercent="100" />
        <Method Name="CloseAndDisposeConnection(ITrackedConnection):void" CoveredStatements="0" TotalStatements="2" CoveragePercent="0" />
        <Method Name="Commit():void" CoveredStatements="14" TotalStatements="15" CoveragePercent="93" />
        <Method Name="CreateDbParameter&lt;T&gt;(string,DbType,T):DbParameter" CoveredStatements="0" TotalStatements="3" CoveragePercent="0" />
        <Method Name="CreateDbParameter&lt;T&gt;(DbType,T):DbParameter" CoveredStatements="0" TotalStatements="3" CoveragePercent="0" />
        <Method Name="CreateSqlContainer(string):ISqlContainer" CoveredStatements="5" TotalStatements="5" CoveragePercent="100" />
        <Method Name="DisposeManaged():void" CoveredStatements="19" TotalStatements="25" CoveragePercent="76" />
        <Method Name="DisposeManagedAsync():ValueTask" CoveredStatements="22" TotalStatements="29" CoveragePercent="76">
          <InternalCompiledMethod Name="MoveNext():void" CoveredStatements="22" TotalStatements="29" CoveragePercent="76" />
        </Method>
        <Method Name="EnsureConnectionIsOpen():void" CoveredStatements="4" TotalStatements="4" CoveragePercent="100" />
        <Method Name="GenerateRandomName(int,int):string" CoveredStatements="3" TotalStatements="3" CoveragePercent="100" />
        <Method Name="GetConnection(ExecutionType,bool):ITrackedConnection" CoveredStatements="3" TotalStatements="3" CoveragePercent="100" />
        <Method Name="GetLock():ILockerAsync" CoveredStatements="3" TotalStatements="3" CoveragePercent="100" />
        <Method Name="MakeParameterName(string):string" CoveredStatements="0" TotalStatements="3" CoveragePercent="0" />
        <Method Name="MakeParameterName(DbParameter):string" CoveredStatements="0" TotalStatements="3" CoveragePercent="0" />
        <Method Name="Rollback():void" CoveredStatements="14" TotalStatements="15" CoveragePercent="93" />
        <Method Name="ThrowIfDisposed():void" CoveredStatements="4" TotalStatements="4" CoveragePercent="100" />
        <Method Name="WrapObjectName(string):string" CoveredStatements="0" TotalStatements="3" CoveragePercent="0" />
      </Type>
      <Type Name="TypeCoercionHelper" CoveredStatements="46" TotalStatements="51" CoveragePercent="90">
        <Method Name="Coerce(object,Type,IColumnInfo,EnumParseFailureMode):object" CoveredStatements="19" TotalStatements="23" CoveragePercent="83" />
        <Method Name="Coerce(object,Type,Type):object" CoveredStatements="7" TotalStatements="7" CoveragePercent="100" />
        <Method Name="CoerceCore(object,Type,Type):object" CoveredStatements="20" TotalStatements="21" CoveragePercent="95" />
      </Type>
      <Type Name="TypeMapRegistry" CoveredStatements="49" TotalStatements="49" CoveragePercent="100">
        <Constructor Name="TypeMapRegistry()" CoveredStatements="1" TotalStatements="1" CoveragePercent="100" />
        <Method Name="GetTableInfo&lt;T&gt;():ITableInfo" CoveredStatements="45" TotalStatements="45" CoveragePercent="100" />
        <Method Name="Register&lt;T&gt;():void" CoveredStatements="3" TotalStatements="3" CoveragePercent="100" />
      </Type>
      <Type Name="Utils" CoveredStatements="27" TotalStatements="29" CoveragePercent="93">
        <Method Name="IsNullOrDbNull(object):bool" CoveredStatements="3" TotalStatements="3" CoveragePercent="100" />
        <Method Name="IsNullOrEmpty&lt;T&gt;(IEnumerable&lt;T&gt;):bool" CoveredStatements="9" TotalStatements="11" CoveragePercent="82" />
        <Method Name="IsZeroNumeric(object):bool" CoveredStatements="15" TotalStatements="15" CoveragePercent="100" />
      </Type>
    </Namespace>
  </Project>
</SolutionRoot>